---
layout: post
title: Fedora Happiness Packets on CentOS 7
date: 2018-06-15 17:55:27.000000000 -05:00
type: post
parent_id: '0'
published: true
password: ''
status: publish
categories:
- Google Summer of Code
- backend

tags:
- gsoc

permalink: "/fedora-happiness-packets-on-centos-7/"
---
<p>I'm writing this for future me. My default OS is Ubuntu so setting up the project on CentOS was new for me.</p>
<blockquote><p>gcc -pthread -fno-strict-aliasing -O2 -g -pipe -Wall -Wp,-D_FORTIFY_SOURCE=2 -fexceptions -fstack-protector-strong --param=ssp-buffer-size=4 -grecord-gcc-switches -m64 -mtune=generic -D_GNU_SOURCE -fPIC -fwrapv -DNDEBUG -O2 -g -pipe -Wall -Wp,-D_FORTIFY_SOURCE=2 -fexceptions -fstack-protector-strong --param=ssp-buffer-size=4 -grecord-gcc-switches -m64 -mtune=generic -D_GNU_SOURCE -fPIC -fwrapv -fPIC -I/usr/include/python2.7 -c _scandir.c -o build/temp.linux-x86_64-2.7/_scandir.o<br />
unable to execute gcc: No such file or directory<br />
error: command 'gcc' failed with exit status 1</p></blockquote>
<p><code>yum install gcc</code></p>
<blockquote><p>gcc -pthread -fno-strict-aliasing -O2 -g -pipe -Wall -Wp,-D_FORTIFY_SOURCE=2 -fexceptions -fstack-protector-strong --param=ssp-buffer-size=4 -grecord-gcc-switches -m64 -mtune=generic -D_GNU_SOURCE -fPIC -fwrapv -DNDEBUG -O2 -g -pipe -Wall -Wp,-D_FORTIFY_SOURCE=2 -fexceptions -fstack-protector-strong --param=ssp-buffer-size=4 -grecord-gcc-switches -m64 -mtune=generic -D_GNU_SOURCE -fPIC -fwrapv -fPIC -I/usr/include/python2.7 -c _scandir.c -o build/temp.linux-x86_64-2.7/_scandir.o<br />
_scandir.c:14:20: fatal error: Python.h: No such file or directory<br />
#include<br />
^<br />
compilation terminated.<br />
error: command 'gcc' failed with exit status 1</p></blockquote>
<p><code>yum install python-devel</code></p>
<blockquote><p>gcc -pthread -shared -Wl,-z,relro build/temp.linux-x86_64-2.7/Modules/2.x/readline.o readline/libreadline.a readline/libhistory.a -L/usr/lib64 -lncurses -lpython2.7 -o build/lib.linux-x86_64-2.7/gnureadline.so<br />
gcc: error: readline/libreadline.a: No such file or directory<br />
gcc: error: readline/libhistory.a: No such file or directory<br />
error: command 'gcc' failed with exit status 1</p></blockquote>
<p><code>yum install patch</code></p>
<blockquote><p>gcc -pthread -shared -Wl,-z,relro build/temp.linux-x86_64-2.7/Modules/2.x/readline.o readline/libreadline.a readline/libhistory.a -L/usr/lib64 -lncurses -lpython2.7 -o build/lib.linux-x86_64-2.7/gnureadline.so<br />
/usr/bin/ld: cannot find -lncurses<br />
collect2: error: ld returned 1 exit status<br />
error: command 'gcc' failed with exit status 1</p></blockquote>
<p><code>yum install ncurses-devel</code></p>
